[2026-06-14T20:10:19.397+0000] {local_task_job_runner.py:123} INFO - ::group::Pre task execution logs
[2026-06-14T20:10:19.416+0000] {taskinstance.py:2613} INFO - Dependencies all met for dep_context=non-requeueable deps ti=<TaskInstance: create_analytics_mart.create_student_mart manual__2026-06-14T20:10:18.555994+00:00 [queued]>
[2026-06-14T20:10:19.427+0000] {taskinstance.py:2613} INFO - Dependencies all met for dep_context=requeueable deps ti=<TaskInstance: create_analytics_mart.create_student_mart manual__2026-06-14T20:10:18.555994+00:00 [queued]>
[2026-06-14T20:10:19.428+0000] {taskinstance.py:2866} INFO - Starting attempt 1 of 2
[2026-06-14T20:10:19.445+0000] {taskinstance.py:2889} INFO - Executing <Task(PythonOperator): create_student_mart> on 2026-06-14 20:10:18.555994+00:00
[2026-06-14T20:10:19.453+0000] {standard_task_runner.py:104} INFO - Running: ['***', 'tasks', 'run', 'create_analytics_mart', 'create_student_mart', 'manual__2026-06-14T20:10:18.555994+00:00', '--job-id', '3', '--raw', '--subdir', 'DAGS_FOLDER/create_mart_dag.py', '--cfg-path', '/tmp/tmpcozot9bk']
[2026-06-14T20:10:19.456+0000] {standard_task_runner.py:105} INFO - Job 3: Subtask create_student_mart
[2026-06-14T20:10:19.457+0000] {logging_mixin.py:190} WARNING - /home/***/.local/lib/python3.12/site-packages/***/task/task_runner/standard_task_runner.py:70 DeprecationWarning: This process (pid=207) is multi-threaded, use of fork() may lead to deadlocks in the child.
[2026-06-14T20:10:19.458+0000] {standard_task_runner.py:72} INFO - Started process 208 to run task
[2026-06-14T20:10:19.509+0000] {task_command.py:467} INFO - Running <TaskInstance: create_analytics_mart.create_student_mart manual__2026-06-14T20:10:18.555994+00:00 [running]> on host 75652bd17275
[2026-06-14T20:10:19.607+0000] {taskinstance.py:3132} INFO - Exporting env vars: AIRFLOW_CTX_DAG_OWNER='***' AIRFLOW_CTX_DAG_ID='create_analytics_mart' AIRFLOW_CTX_TASK_ID='create_student_mart' AIRFLOW_CTX_EXECUTION_DATE='2026-06-14T20:10:18.555994+00:00' AIRFLOW_CTX_TRY_NUMBER='1' AIRFLOW_CTX_DAG_RUN_ID='manual__2026-06-14T20:10:18.555994+00:00'
[2026-06-14T20:10:19.609+0000] {taskinstance.py:731} INFO - ::endgroup::
[2026-06-14T20:10:19.626+0000] {logging_mixin.py:190} INFO - Подключение к postgres:5432 ...
[2026-06-14T20:10:20.333+0000] {logging_mixin.py:190} INFO - Витрина обновлена. Записей: 272
[2026-06-14T20:10:20.334+0000] {logging_mixin.py:190} INFO - Витрина успешно создана/обновлена.
[2026-06-14T20:10:20.337+0000] {python.py:240} INFO - Done. Returned value was: None
[2026-06-14T20:10:20.352+0000] {taskinstance.py:340} INFO - ::group::Post task execution logs
[2026-06-14T20:10:20.353+0000] {taskinstance.py:352} INFO - Marking task as SUCCESS. dag_id=create_analytics_mart, task_id=create_student_mart, run_id=manual__2026-06-14T20:10:18.555994+00:00, execution_date=20260614T201018, start_date=20260614T201019, end_date=20260614T201020
[2026-06-14T20:10:20.397+0000] {local_task_job_runner.py:266} INFO - Task exited with return code 0
[2026-06-14T20:10:20.417+0000] {taskinstance.py:3895} INFO - 0 downstream tasks scheduled from follow-on schedule check
[2026-06-14T20:10:20.419+0000] {local_task_job_runner.py:245} INFO - ::endgroup::
