[2026-06-10T01:28:33.182+0000] {manager.py:469} INFO - Processing files using up to 2 processes at a time 
[2026-06-10T01:28:33.183+0000] {manager.py:470} INFO - Process each file at most once every 30 seconds
[2026-06-10T01:28:33.183+0000] {manager.py:471} INFO - Checking for new files in /opt/airflow/dags every 300 seconds
[2026-06-10T01:28:33.183+0000] {manager.py:738} INFO - Searching for files in /opt/airflow/dags
[2026-06-10T01:28:33.197+0000] {manager.py:741} INFO - There are 1 files in /opt/airflow/dags
[2026-06-10T01:28:33.276+0000] {manager.py:879} INFO - 
================================================================================
DAG File Processing Stats

File Path                               PID  Runtime      # DAGs    # Errors  Last Runtime    Last Run
------------------------------------  -----  ---------  --------  ----------  --------------  ----------
/opt/airflow/dags/real_estate_etl.py    200  0.04s             0           0
================================================================================
[2026-06-10T01:29:03.474+0000] {manager.py:879} INFO - 
================================================================================
DAG File Processing Stats

File Path                               PID  Runtime      # DAGs    # Errors  Last Runtime    Last Run
------------------------------------  -----  ---------  --------  ----------  --------------  -------------------
/opt/airflow/dags/real_estate_etl.py    247  0.00s             1           0  0.11s           2026-06-10T01:28:33
================================================================================
[2026-06-10T01:29:33.759+0000] {manager.py:879} INFO - 
================================================================================
DAG File Processing Stats

File Path                               PID  Runtime      # DAGs    # Errors  Last Runtime    Last Run
------------------------------------  -----  ---------  --------  ----------  --------------  -------------------
/opt/airflow/dags/real_estate_etl.py    252  0.00s             1           0  0.10s           2026-06-10T01:29:03
================================================================================
