[2026-06-10T01:28:33.252+0000] {processor.py:161} INFO - Started process (PID=200) to work on /opt/airflow/dags/real_estate_etl.py
[2026-06-10T01:28:33.252+0000] {processor.py:830} INFO - Processing file /opt/airflow/dags/real_estate_etl.py for tasks to queue
[2026-06-10T01:28:33.253+0000] {logging_mixin.py:188} INFO - [2026-06-10T01:28:33.252+0000] {dagbag.py:538} INFO - Filling up the DagBag from /opt/airflow/dags/real_estate_etl.py
[2026-06-10T01:28:33.278+0000] {processor.py:840} INFO - DAG(s) 'real_estate_etl' retrieved from /opt/airflow/dags/real_estate_etl.py
[2026-06-10T01:28:33.302+0000] {logging_mixin.py:188} INFO - [2026-06-10T01:28:33.302+0000] {dag.py:3036} INFO - Sync 1 DAGs
[2026-06-10T01:28:33.322+0000] {logging_mixin.py:188} INFO - [2026-06-10T01:28:33.322+0000] {dag.py:3823} INFO - Setting next_dagrun for real_estate_etl to 2026-06-09 00:00:00+00:00, run_after=2026-06-10 00:00:00+00:00
[2026-06-10T01:28:33.345+0000] {processor.py:183} INFO - Processing /opt/airflow/dags/real_estate_etl.py took 0.096 seconds
[2026-06-10T01:29:03.481+0000] {processor.py:161} INFO - Started process (PID=247) to work on /opt/airflow/dags/real_estate_etl.py
[2026-06-10T01:29:03.482+0000] {processor.py:830} INFO - Processing file /opt/airflow/dags/real_estate_etl.py for tasks to queue
[2026-06-10T01:29:03.482+0000] {logging_mixin.py:188} INFO - [2026-06-10T01:29:03.482+0000] {dagbag.py:538} INFO - Filling up the DagBag from /opt/airflow/dags/real_estate_etl.py
[2026-06-10T01:29:03.505+0000] {processor.py:840} INFO - DAG(s) 'real_estate_etl' retrieved from /opt/airflow/dags/real_estate_etl.py
[2026-06-10T01:29:03.518+0000] {logging_mixin.py:188} INFO - [2026-06-10T01:29:03.517+0000] {dag.py:3036} INFO - Sync 1 DAGs
[2026-06-10T01:29:03.538+0000] {logging_mixin.py:188} INFO - [2026-06-10T01:29:03.538+0000] {dag.py:3823} INFO - Setting next_dagrun for real_estate_etl to 2026-06-09 00:00:00+00:00, run_after=2026-06-10 00:00:00+00:00
[2026-06-10T01:29:03.561+0000] {processor.py:183} INFO - Processing /opt/airflow/dags/real_estate_etl.py took 0.083 seconds
[2026-06-10T01:29:33.765+0000] {processor.py:161} INFO - Started process (PID=252) to work on /opt/airflow/dags/real_estate_etl.py
[2026-06-10T01:29:33.774+0000] {processor.py:830} INFO - Processing file /opt/airflow/dags/real_estate_etl.py for tasks to queue
[2026-06-10T01:29:33.775+0000] {logging_mixin.py:188} INFO - [2026-06-10T01:29:33.775+0000] {dagbag.py:538} INFO - Filling up the DagBag from /opt/airflow/dags/real_estate_etl.py
[2026-06-10T01:29:33.797+0000] {processor.py:840} INFO - DAG(s) 'real_estate_etl' retrieved from /opt/airflow/dags/real_estate_etl.py
[2026-06-10T01:29:33.877+0000] {logging_mixin.py:188} INFO - [2026-06-10T01:29:33.876+0000] {dag.py:3036} INFO - Sync 1 DAGs
[2026-06-10T01:29:33.891+0000] {logging_mixin.py:188} INFO - [2026-06-10T01:29:33.891+0000] {dag.py:3823} INFO - Setting next_dagrun for real_estate_etl to 2026-06-09 00:00:00+00:00, run_after=2026-06-10 00:00:00+00:00
[2026-06-10T01:29:33.910+0000] {processor.py:183} INFO - Processing /opt/airflow/dags/real_estate_etl.py took 0.148 seconds
