[2026-06-14T20:27:07.634+0000] {local_task_job_runner.py:123} INFO - ::group::Pre task execution logs
[2026-06-14T20:27:07.654+0000] {taskinstance.py:2613} INFO - Dependencies all met for dep_context=non-requeueable deps ti=<TaskInstance: create_student_performance_mart.create_student_performance_mart manual__2026-06-14T20:27:07.113590+00:00 [queued]>
[2026-06-14T20:27:07.662+0000] {taskinstance.py:2613} INFO - Dependencies all met for dep_context=requeueable deps ti=<TaskInstance: create_student_performance_mart.create_student_performance_mart manual__2026-06-14T20:27:07.113590+00:00 [queued]>
[2026-06-14T20:27:07.663+0000] {taskinstance.py:2866} INFO - Starting attempt 1 of 2
[2026-06-14T20:27:07.679+0000] {taskinstance.py:2889} INFO - Executing <Task(PythonOperator): create_student_performance_mart> on 2026-06-14 20:27:07.113590+00:00
[2026-06-14T20:27:07.689+0000] {standard_task_runner.py:104} INFO - Running: ['***', 'tasks', 'run', 'create_student_performance_mart', 'create_student_performance_mart', 'manual__2026-06-14T20:27:07.113590+00:00', '--job-id', '9', '--raw', '--subdir', 'DAGS_FOLDER/dag_student_performance.py', '--cfg-path', '/tmp/tmpyik8k01s']
[2026-06-14T20:27:07.692+0000] {standard_task_runner.py:105} INFO - Job 9: Subtask create_student_performance_mart
[2026-06-14T20:27:07.693+0000] {logging_mixin.py:190} WARNING - /home/***/.local/lib/python3.12/site-packages/***/task/task_runner/standard_task_runner.py:70 DeprecationWarning: This process (pid=380) is multi-threaded, use of fork() may lead to deadlocks in the child.
[2026-06-14T20:27:07.694+0000] {standard_task_runner.py:72} INFO - Started process 381 to run task
[2026-06-14T20:27:07.743+0000] {task_command.py:467} INFO - Running <TaskInstance: create_student_performance_mart.create_student_performance_mart manual__2026-06-14T20:27:07.113590+00:00 [running]> on host 36b51af410db
[2026-06-14T20:27:07.833+0000] {taskinstance.py:3132} INFO - Exporting env vars: AIRFLOW_CTX_DAG_OWNER='***' AIRFLOW_CTX_DAG_ID='create_student_performance_mart' AIRFLOW_CTX_TASK_ID='create_student_performance_mart' AIRFLOW_CTX_EXECUTION_DATE='2026-06-14T20:27:07.113590+00:00' AIRFLOW_CTX_TRY_NUMBER='1' AIRFLOW_CTX_DAG_RUN_ID='manual__2026-06-14T20:27:07.113590+00:00'
[2026-06-14T20:27:07.834+0000] {taskinstance.py:731} INFO - ::endgroup::
[2026-06-14T20:27:07.852+0000] {logging_mixin.py:190} INFO - Подключение к postgres:5432 / база *** ...
[2026-06-14T20:27:10.217+0000] {logging_mixin.py:190} INFO - Витрина dmr.analytics_student_performance успешно создана/обновлена.
[2026-06-14T20:27:10.218+0000] {logging_mixin.py:190} INFO - Соединение с БД закрыто.
[2026-06-14T20:27:10.218+0000] {python.py:240} INFO - Done. Returned value was: None
[2026-06-14T20:27:10.229+0000] {taskinstance.py:340} INFO - ::group::Post task execution logs
[2026-06-14T20:27:10.230+0000] {taskinstance.py:352} INFO - Marking task as SUCCESS. dag_id=create_student_performance_mart, task_id=create_student_performance_mart, run_id=manual__2026-06-14T20:27:07.113590+00:00, execution_date=20260614T202707, start_date=20260614T202707, end_date=20260614T202710
[2026-06-14T20:27:10.279+0000] {local_task_job_runner.py:266} INFO - Task exited with return code 0
[2026-06-14T20:27:10.295+0000] {taskinstance.py:3895} INFO - 0 downstream tasks scheduled from follow-on schedule check
[2026-06-14T20:27:10.297+0000] {local_task_job_runner.py:245} INFO - ::endgroup::
