[2026-06-14T19:31:43.817+0000] {local_task_job_runner.py:123} INFO - ::group::Pre task execution logs
[2026-06-14T19:31:43.836+0000] {taskinstance.py:2613} INFO - Dependencies all met for dep_context=non-requeueable deps ti=<TaskInstance: create_student_performance_mart.create_student_performance_mart manual__2026-06-14T19:31:42.937032+00:00 [queued]>
[2026-06-14T19:31:43.845+0000] {taskinstance.py:2613} INFO - Dependencies all met for dep_context=requeueable deps ti=<TaskInstance: create_student_performance_mart.create_student_performance_mart manual__2026-06-14T19:31:42.937032+00:00 [queued]>
[2026-06-14T19:31:43.846+0000] {taskinstance.py:2866} INFO - Starting attempt 1 of 2
[2026-06-14T19:31:43.862+0000] {taskinstance.py:2889} INFO - Executing <Task(PythonOperator): create_student_performance_mart> on 2026-06-14 19:31:42.937032+00:00
[2026-06-14T19:31:43.870+0000] {standard_task_runner.py:104} INFO - Running: ['***', 'tasks', 'run', 'create_student_performance_mart', 'create_student_performance_mart', 'manual__2026-06-14T19:31:42.937032+00:00', '--job-id', '2', '--raw', '--subdir', 'DAGS_FOLDER/dag_student_performance.py', '--cfg-path', '/tmp/tmp6l5_d0hq']
[2026-06-14T19:31:43.874+0000] {standard_task_runner.py:105} INFO - Job 2: Subtask create_student_performance_mart
[2026-06-14T19:31:43.875+0000] {logging_mixin.py:190} WARNING - /home/***/.local/lib/python3.12/site-packages/***/task/task_runner/standard_task_runner.py:70 DeprecationWarning: This process (pid=220) is multi-threaded, use of fork() may lead to deadlocks in the child.
[2026-06-14T19:31:43.876+0000] {standard_task_runner.py:72} INFO - Started process 221 to run task
[2026-06-14T19:31:43.927+0000] {task_command.py:467} INFO - Running <TaskInstance: create_student_performance_mart.create_student_performance_mart manual__2026-06-14T19:31:42.937032+00:00 [running]> on host 0138c31a2199
[2026-06-14T19:31:44.018+0000] {taskinstance.py:3132} INFO - Exporting env vars: AIRFLOW_CTX_DAG_OWNER='***' AIRFLOW_CTX_DAG_ID='create_student_performance_mart' AIRFLOW_CTX_TASK_ID='create_student_performance_mart' AIRFLOW_CTX_EXECUTION_DATE='2026-06-14T19:31:42.937032+00:00' AIRFLOW_CTX_TRY_NUMBER='1' AIRFLOW_CTX_DAG_RUN_ID='manual__2026-06-14T19:31:42.937032+00:00'
[2026-06-14T19:31:44.019+0000] {taskinstance.py:731} INFO - ::endgroup::
[2026-06-14T19:31:44.051+0000] {logging_mixin.py:190} INFO - Подключение к postgres:5432 / база *** ...
[2026-06-14T19:31:44.062+0000] {logging_mixin.py:190} INFO - [CRITICAL ERROR] Откат транзакции: relation "public.user_logs" does not exist
LINE 27:     FROM public.user_logs
                  ^
[2026-06-14T19:31:44.063+0000] {logging_mixin.py:190} INFO - Соединение с БД закрыто.
[2026-06-14T19:31:44.064+0000] {taskinstance.py:3311} ERROR - Task failed with exception
Traceback (most recent call last):
  File "/home/airflow/.local/lib/python3.12/site-packages/airflow/models/taskinstance.py", line 767, in _execute_task
    result = _execute_callable(context=context, **execute_callable_kwargs)
             ^^^^^^^^^^^^^^^^^^^^^^^^^^^^^^^^^^^^^^^^^^^^^^^^^^^^^^^^^^^^^
  File "/home/airflow/.local/lib/python3.12/site-packages/airflow/models/taskinstance.py", line 733, in _execute_callable
    return ExecutionCallableRunner(
           ^^^^^^^^^^^^^^^^^^^^^^^^
  File "/home/airflow/.local/lib/python3.12/site-packages/airflow/utils/operator_helpers.py", line 252, in run
    return self.func(*args, **kwargs)
           ^^^^^^^^^^^^^^^^^^^^^^^^^^
  File "/home/airflow/.local/lib/python3.12/site-packages/airflow/models/baseoperator.py", line 422, in wrapper
    return func(self, *args, **kwargs)
           ^^^^^^^^^^^^^^^^^^^^^^^^^^^
  File "/home/airflow/.local/lib/python3.12/site-packages/airflow/operators/python.py", line 238, in execute
    return_value = self.execute_callable()
                   ^^^^^^^^^^^^^^^^^^^^^^^
  File "/home/airflow/.local/lib/python3.12/site-packages/airflow/operators/python.py", line 256, in execute_callable
    return runner.run(*self.op_args, **self.op_kwargs)
           ^^^^^^^^^^^^^^^^^^^^^^^^^^^^^^^^^^^^^^^^^^^
  File "/home/airflow/.local/lib/python3.12/site-packages/airflow/utils/operator_helpers.py", line 252, in run
    return self.func(*args, **kwargs)
           ^^^^^^^^^^^^^^^^^^^^^^^^^^
  File "/opt/airflow/dags/scripts/build_student_performance_mart.py", line 229, in create_student_performance_mart
    extract_and_load_aggregates(cursor)
  File "/opt/airflow/dags/scripts/build_student_performance_mart.py", line 100, in extract_and_load_aggregates
    cursor.execute(sql_script)
psycopg2.errors.UndefinedTable: relation "public.user_logs" does not exist
LINE 27:     FROM public.user_logs
                  ^

[2026-06-14T19:31:44.085+0000] {taskinstance.py:1225} INFO - Marking task as UP_FOR_RETRY. dag_id=create_student_performance_mart, task_id=create_student_performance_mart, run_id=manual__2026-06-14T19:31:42.937032+00:00, execution_date=20260614T193142, start_date=20260614T193143, end_date=20260614T193144
[2026-06-14T19:31:44.104+0000] {taskinstance.py:340} INFO - ::group::Post task execution logs
[2026-06-14T19:31:44.105+0000] {standard_task_runner.py:124} ERROR - Failed to execute job 2 for task create_student_performance_mart (relation "public.user_logs" does not exist
LINE 27:     FROM public.user_logs
                  ^
; 221)
Traceback (most recent call last):
  File "/home/airflow/.local/lib/python3.12/site-packages/airflow/task/task_runner/standard_task_runner.py", line 117, in _start_by_fork
    ret = args.func(args, dag=self.dag)
          ^^^^^^^^^^^^^^^^^^^^^^^^^^^^^
  File "/home/airflow/.local/lib/python3.12/site-packages/airflow/cli/cli_config.py", line 49, in command
    return func(*args, **kwargs)
           ^^^^^^^^^^^^^^^^^^^^^
  File "/home/airflow/.local/lib/python3.12/site-packages/airflow/utils/cli.py", line 116, in wrapper
    return f(*args, **kwargs)
           ^^^^^^^^^^^^^^^^^^
  File "/home/airflow/.local/lib/python3.12/site-packages/airflow/cli/commands/task_command.py", line 483, in task_run
    task_return_code = _run_task_by_selected_method(args, _dag, ti)
                       ^^^^^^^^^^^^^^^^^^^^^^^^^^^^^^^^^^^^^^^^^^^^
  File "/home/airflow/.local/lib/python3.12/site-packages/airflow/cli/commands/task_command.py", line 256, in _run_task_by_selected_method
    return _run_raw_task(args, ti)
           ^^^^^^^^^^^^^^^^^^^^^^^
  File "/home/airflow/.local/lib/python3.12/site-packages/airflow/cli/commands/task_command.py", line 341, in _run_raw_task
    return ti._run_raw_task(
           ^^^^^^^^^^^^^^^^^
  File "/home/airflow/.local/lib/python3.12/site-packages/airflow/utils/session.py", line 97, in wrapper
    return func(*args, session=session, **kwargs)
           ^^^^^^^^^^^^^^^^^^^^^^^^^^^^^^^^^^^^^^
  File "/home/airflow/.local/lib/python3.12/site-packages/airflow/models/taskinstance.py", line 3005, in _run_raw_task
    return _run_raw_task(
           ^^^^^^^^^^^^^^
  File "/home/airflow/.local/lib/python3.12/site-packages/airflow/models/taskinstance.py", line 273, in _run_raw_task
    TaskInstance._execute_task_with_callbacks(
  File "/home/airflow/.local/lib/python3.12/site-packages/airflow/models/taskinstance.py", line 3159, in _execute_task_with_callbacks
    result = self._execute_task(context, task_orig)
             ^^^^^^^^^^^^^^^^^^^^^^^^^^^^^^^^^^^^^^
  File "/home/airflow/.local/lib/python3.12/site-packages/airflow/models/taskinstance.py", line 3183, in _execute_task
    return _execute_task(self, context, task_orig)
           ^^^^^^^^^^^^^^^^^^^^^^^^^^^^^^^^^^^^^^^
  File "/home/airflow/.local/lib/python3.12/site-packages/airflow/models/taskinstance.py", line 767, in _execute_task
    result = _execute_callable(context=context, **execute_callable_kwargs)
             ^^^^^^^^^^^^^^^^^^^^^^^^^^^^^^^^^^^^^^^^^^^^^^^^^^^^^^^^^^^^^
  File "/home/airflow/.local/lib/python3.12/site-packages/airflow/models/taskinstance.py", line 733, in _execute_callable
    return ExecutionCallableRunner(
           ^^^^^^^^^^^^^^^^^^^^^^^^
  File "/home/airflow/.local/lib/python3.12/site-packages/airflow/utils/operator_helpers.py", line 252, in run
    return self.func(*args, **kwargs)
           ^^^^^^^^^^^^^^^^^^^^^^^^^^
  File "/home/airflow/.local/lib/python3.12/site-packages/airflow/models/baseoperator.py", line 422, in wrapper
    return func(self, *args, **kwargs)
           ^^^^^^^^^^^^^^^^^^^^^^^^^^^
  File "/home/airflow/.local/lib/python3.12/site-packages/airflow/operators/python.py", line 238, in execute
    return_value = self.execute_callable()
                   ^^^^^^^^^^^^^^^^^^^^^^^
  File "/home/airflow/.local/lib/python3.12/site-packages/airflow/operators/python.py", line 256, in execute_callable
    return runner.run(*self.op_args, **self.op_kwargs)
           ^^^^^^^^^^^^^^^^^^^^^^^^^^^^^^^^^^^^^^^^^^^
  File "/home/airflow/.local/lib/python3.12/site-packages/airflow/utils/operator_helpers.py", line 252, in run
    return self.func(*args, **kwargs)
           ^^^^^^^^^^^^^^^^^^^^^^^^^^
  File "/opt/airflow/dags/scripts/build_student_performance_mart.py", line 229, in create_student_performance_mart
    extract_and_load_aggregates(cursor)
  File "/opt/airflow/dags/scripts/build_student_performance_mart.py", line 100, in extract_and_load_aggregates
    cursor.execute(sql_script)
psycopg2.errors.UndefinedTable: relation "public.user_logs" does not exist
LINE 27:     FROM public.user_logs
                  ^

[2026-06-14T19:31:44.131+0000] {local_task_job_runner.py:266} INFO - Task exited with return code 1
[2026-06-14T19:31:44.156+0000] {taskinstance.py:3895} INFO - 0 downstream tasks scheduled from follow-on schedule check
[2026-06-14T19:31:44.158+0000] {local_task_job_runner.py:245} INFO - ::endgroup::
